<?xml version="1.0" encoding="UTF-8"?>
<!-- Generated by org.testng.reporters.JUnitReportReporter -->
<testsuite hostname="Pranesh" failures="0" tests="1" name="TestCases.Tc001_Accountregistertest" time="11.814" errors="0" timestamp="2024-12-10T08:08:12 IST" skipped="0">
  <testcase classname="TestCases.Tc001_Accountregistertest" name="accregistation" time="11.814"/>
</testsuite> <!-- TestCases.Tc001_Accountregistertest -->
