<?xml version="1.0" encoding="UTF-8"?>
<!-- Generated by org.testng.reporters.JUnitReportReporter -->
<testsuite hostname="Pranesh" failures="0" tests="1" name="TestCases.Accountregister" time="11.424" errors="0" timestamp="2024-10-15T06:00:20 IST" skipped="0">
  <testcase classname="TestCases.Accountregister" name="accregistation" time="11.424"/>
</testsuite> <!-- TestCases.Accountregister -->
