<?xml version="1.0" encoding="UTF-8"?>
<!-- Generated by org.testng.reporters.JUnitReportReporter -->
<testsuite hostname="Pranesh" failures="0" tests="1" name="TestCases.Tc001_Accountregistertest" time="2.558" errors="0" timestamp="2024-10-18T08:46:01 IST" skipped="0">
  <testcase classname="TestCases.Tc001_Accountregistertest" name="accregistation" time="2.558"/>
</testsuite> <!-- TestCases.Tc001_Accountregistertest -->
